Jul 09 17:08:13 ubuntu cron[973]: WARNING: Sample log entry for cron
Jul 09 17:08:13 ubuntu docker[689]: INFO: Sample log entry for docker
Jul 09 17:08:13 ubuntu docker[277]: ERROR: Sample log entry for docker
Jul 09 17:08:13 ubuntu docker[953]: INFO: Sample log entry for docker
Jul 09 17:08:13 ubuntu docker[395]: WARNING: Sample log entry for docker
Jul 09 17:08:13 ubuntu docker[937]: INFO: Sample log entry for docker
Jul 09 17:08:13 ubuntu systemd[384]: CRITICAL: Sample log entry for systemd
Jul 09 17:08:13 ubuntu systemd[117]: CRITICAL: Sample log entry for systemd
Jul 09 17:08:13 ubuntu sshd[996]: ERROR: Sample log entry for sshd
Jul 09 17:08:13 ubuntu docker[155]: WARNING: Sample log entry for docker
Jul 09 17:08:13 ubuntu systemd[928]: ERROR: Sample log entry for systemd
Jul 09 17:08:13 ubuntu docker[174]: ERROR: Sample log entry for docker
Jul 09 17:08:13 ubuntu sshd[311]: WARNING: Sample log entry for sshd
Jul 09 17:08:13 ubuntu kernel[856]: INFO: Sample log entry for kernel
Jul 09 17:08:13 ubuntu systemd[147]: INFO: Sample log entry for systemd
Jul 09 17:08:13 ubuntu kernel[971]: WARNING: Sample log entry for kernel
Jul 09 17:08:13 ubuntu sshd[260]: WARNING: Sample log entry for sshd
Jul 09 17:08:13 ubuntu docker[300]: CRITICAL: Sample log entry for docker
Jul 09 17:08:13 ubuntu cron[970]: CRITICAL: Sample log entry for cron
Jul 09 17:08:13 ubuntu sshd[605]: INFO: Sample log entry for sshd
Jul 09 17:08:13 ubuntu systemd[898]: INFO: Sample log entry for systemd
Jul 09 17:08:13 ubuntu systemd[312]: CRITICAL: Sample log entry for systemd
Jul 09 17:08:13 ubuntu sshd[225]: CRITICAL: Sample log entry for sshd
Jul 09 17:08:13 ubuntu kernel[914]: ERROR: Sample log entry for kernel
Jul 09 17:08:13 ubuntu docker[521]: ERROR: Sample log entry for docker
Jul 09 17:08:13 ubuntu kernel[366]: ERROR: Sample log entry for kernel
Jul 09 17:08:13 ubuntu kernel[839]: WARNING: Sample log entry for kernel
Jul 09 17:08:13 ubuntu docker[704]: ERROR: Sample log entry for docker
Jul 09 17:08:13 ubuntu sshd[637]: CRITICAL: Sample log entry for sshd
Jul 09 17:08:13 ubuntu docker[366]: ERROR: Sample log entry for docker
Jul 09 17:08:13 ubuntu sshd[699]: ERROR: Sample log entry for sshd
Jul 09 17:08:13 ubuntu docker[162]: INFO: Sample log entry for docker
Jul 09 17:08:13 ubuntu docker[857]: ERROR: Sample log entry for docker
Jul 09 17:08:13 ubuntu docker[264]: CRITICAL: Sample log entry for docker
Jul 09 17:08:13 ubuntu systemd[603]: CRITICAL: Sample log entry for systemd
Jul 09 17:08:13 ubuntu cron[319]: ERROR: Sample log entry for cron
Jul 09 17:08:13 ubuntu docker[300]: ERROR: Sample log entry for docker
Jul 09 17:08:13 ubuntu sshd[990]: ERROR: Sample log entry for sshd
Jul 09 17:08:13 ubuntu cron[262]: ERROR: Sample log entry for cron
Jul 09 17:08:13 ubuntu kernel[521]: CRITICAL: Sample log entry for kernel
Jul 09 17:08:13 ubuntu kernel[483]: INFO: Sample log entry for kernel
Jul 09 17:08:13 ubuntu cron[425]: WARNING: Sample log entry for cron
Jul 09 17:08:13 ubuntu docker[536]: CRITICAL: Sample log entry for docker
Jul 09 17:08:13 ubuntu cron[963]: INFO: Sample log entry for cron
Jul 09 17:08:13 ubuntu docker[483]: CRITICAL: Sample log entry for docker
Jul 09 17:08:13 ubuntu docker[867]: INFO: Sample log entry for docker
Jul 09 17:08:13 ubuntu cron[442]: WARNING: Sample log entry for cron
Jul 09 17:08:13 ubuntu kernel[211]: CRITICAL: Sample log entry for kernel
Jul 09 17:08:13 ubuntu sshd[628]: CRITICAL: Sample log entry for sshd
Jul 09 17:08:13 ubuntu sshd[509]: INFO: Sample log entry for sshd
Jul 09 17:08:13 ubuntu sshd[842]: WARNING: Sample log entry for sshd
Jul 09 17:08:13 ubuntu systemd[576]: ERROR: Sample log entry for systemd
Jul 09 17:08:13 ubuntu docker[199]: CRITICAL: Sample log entry for docker
Jul 09 17:08:13 ubuntu sshd[746]: ERROR: Sample log entry for sshd
Jul 09 17:08:13 ubuntu sshd[261]: CRITICAL: Sample log entry for sshd
Jul 09 17:08:13 ubuntu systemd[864]: INFO: Sample log entry for systemd
Jul 09 17:08:13 ubuntu cron[606]: ERROR: Sample log entry for cron
Jul 09 17:08:13 ubuntu systemd[641]: WARNING: Sample log entry for systemd
Jul 09 17:08:13 ubuntu cron[338]: WARNING: Sample log entry for cron
Jul 09 17:08:13 ubuntu docker[265]: WARNING: Sample log entry for docker
Jul 09 17:08:13 ubuntu sshd[572]: INFO: Sample log entry for sshd
Jul 09 17:08:13 ubuntu cron[937]: INFO: Sample log entry for cron
Jul 09 17:08:13 ubuntu sshd[390]: INFO: Sample log entry for sshd
Jul 09 17:08:13 ubuntu kernel[361]: ERROR: Sample log entry for kernel
Jul 09 17:08:13 ubuntu docker[646]: CRITICAL: Sample log entry for docker
Jul 09 17:08:13 ubuntu sshd[127]: ERROR: Sample log entry for sshd
Jul 09 17:08:13 ubuntu cron[265]: ERROR: Sample log entry for cron
Jul 09 17:08:13 ubuntu kernel[234]: CRITICAL: Sample log entry for kernel
Jul 09 17:08:13 ubuntu docker[224]: INFO: Sample log entry for docker
Jul 09 17:08:13 ubuntu kernel[813]: CRITICAL: Sample log entry for kernel
Jul 09 17:08:13 ubuntu cron[482]: CRITICAL: Sample log entry for cron
Jul 09 17:08:13 ubuntu docker[440]: INFO: Sample log entry for docker
Jul 09 17:08:13 ubuntu kernel[417]: WARNING: Sample log entry for kernel
Jul 09 17:08:13 ubuntu kernel[828]: ERROR: Sample log entry for kernel
Jul 09 17:08:13 ubuntu docker[923]: INFO: Sample log entry for docker
Jul 09 17:08:13 ubuntu docker[870]: ERROR: Sample log entry for docker
Jul 09 17:08:13 ubuntu sshd[661]: CRITICAL: Sample log entry for sshd
Jul 09 17:08:13 ubuntu docker[337]: INFO: Sample log entry for docker
Jul 09 17:08:13 ubuntu docker[943]: INFO: Sample log entry for docker
Jul 09 17:08:13 ubuntu systemd[216]: INFO: Sample log entry for systemd
Jul 09 17:08:13 ubuntu kernel[142]: INFO: Sample log entry for kernel
Jul 09 17:08:13 ubuntu kernel[416]: CRITICAL: Sample log entry for kernel
Jul 09 17:08:13 ubuntu docker[764]: CRITICAL: Sample log entry for docker
Jul 09 17:08:13 ubuntu docker[186]: INFO: Sample log entry for docker
Jul 09 17:08:13 ubuntu sshd[615]: INFO: Sample log entry for sshd
Jul 09 17:08:13 ubuntu kernel[501]: ERROR: Sample log entry for kernel
Jul 09 17:08:13 ubuntu sshd[953]: ERROR: Sample log entry for sshd
Jul 09 17:08:13 ubuntu cron[825]: CRITICAL: Sample log entry for cron
Jul 09 17:08:13 ubuntu docker[343]: WARNING: Sample log entry for docker
Jul 09 17:08:13 ubuntu cron[258]: ERROR: Sample log entry for cron
Jul 09 17:08:13 ubuntu docker[555]: WARNING: Sample log entry for docker
Jul 09 17:08:13 ubuntu cron[400]: CRITICAL: Sample log entry for cron
Jul 09 17:08:13 ubuntu sshd[547]: CRITICAL: Sample log entry for sshd
Jul 09 17:08:13 ubuntu cron[602]: INFO: Sample log entry for cron
Jul 09 17:08:13 ubuntu systemd[782]: ERROR: Sample log entry for systemd
Jul 09 17:08:13 ubuntu cron[992]: ERROR: Sample log entry for cron
Jul 09 17:08:13 ubuntu docker[225]: INFO: Sample log entry for docker
Jul 09 17:08:13 ubuntu systemd[269]: ERROR: Sample log entry for systemd
Jul 09 17:08:13 ubuntu systemd[816]: WARNING: Sample log entry for systemd
Jul 09 17:08:13 ubuntu docker[292]: INFO: Sample log entry for docker
Jul 09 17:08:13 ubuntu sshd[129]: CRITICAL: Sample log entry for sshd
Jul 09 17:08:13 ubuntu systemd[741]: INFO: Sample log entry for systemd
Jul 09 17:08:13 ubuntu docker[655]: ERROR: Sample log entry for docker
Jul 09 17:08:13 ubuntu cron[154]: CRITICAL: Sample log entry for cron
Jul 09 17:08:13 ubuntu sshd[603]: ERROR: Sample log entry for sshd
Jul 09 17:08:13 ubuntu docker[821]: CRITICAL: Sample log entry for docker
Jul 09 17:08:13 ubuntu kernel[458]: INFO: Sample log entry for kernel
Jul 09 17:08:13 ubuntu docker[543]: ERROR: Sample log entry for docker
Jul 09 17:08:13 ubuntu systemd[523]: CRITICAL: Sample log entry for systemd
Jul 09 17:08:13 ubuntu kernel[958]: ERROR: Sample log entry for kernel
Jul 09 17:08:13 ubuntu systemd[210]: ERROR: Sample log entry for systemd
Jul 09 17:08:13 ubuntu cron[805]: INFO: Sample log entry for cron
Jul 09 17:08:13 ubuntu systemd[343]: CRITICAL: Sample log entry for systemd
Jul 09 17:08:13 ubuntu kernel[181]: ERROR: Sample log entry for kernel
Jul 09 17:08:13 ubuntu docker[736]: CRITICAL: Sample log entry for docker
Jul 09 17:08:13 ubuntu docker[407]: INFO: Sample log entry for docker
Jul 09 17:08:13 ubuntu docker[167]: CRITICAL: Sample log entry for docker
Jul 09 17:08:13 ubuntu kernel[330]: INFO: Sample log entry for kernel
Jul 09 17:08:13 ubuntu sshd[950]: CRITICAL: Sample log entry for sshd
Jul 09 17:08:13 ubuntu kernel[146]: INFO: Sample log entry for kernel
Jul 09 17:08:13 ubuntu sshd[905]: INFO: Sample log entry for sshd
Jul 09 17:08:13 ubuntu docker[282]: CRITICAL: Sample log entry for docker
Jul 09 17:08:13 ubuntu systemd[942]: CRITICAL: Sample log entry for systemd
Jul 09 17:08:13 ubuntu kernel[479]: ERROR: Sample log entry for kernel
Jul 09 17:08:13 ubuntu cron[704]: ERROR: Sample log entry for cron
Jul 09 17:08:13 ubuntu sshd[306]: INFO: Sample log entry for sshd
Jul 09 17:08:13 ubuntu docker[244]: WARNING: Sample log entry for docker
Jul 09 17:08:13 ubuntu cron[944]: WARNING: Sample log entry for cron
Jul 09 17:08:13 ubuntu kernel[683]: CRITICAL: Sample log entry for kernel
Jul 09 17:08:13 ubuntu kernel[705]: ERROR: Sample log entry for kernel
Jul 09 17:08:13 ubuntu sshd[548]: ERROR: Sample log entry for sshd
Jul 09 17:08:13 ubuntu kernel[365]: WARNING: Sample log entry for kernel
Jul 09 17:08:13 ubuntu kernel[592]: CRITICAL: Sample log entry for kernel
Jul 09 17:08:13 ubuntu docker[769]: CRITICAL: Sample log entry for docker
Jul 09 17:08:13 ubuntu systemd[697]: WARNING: Sample log entry for systemd
Jul 09 17:08:13 ubuntu docker[215]: ERROR: Sample log entry for docker
Jul 09 17:08:13 ubuntu systemd[306]: WARNING: Sample log entry for systemd
Jul 09 17:08:13 ubuntu systemd[535]: WARNING: Sample log entry for systemd
Jul 09 17:08:13 ubuntu systemd[587]: ERROR: Sample log entry for systemd
Jul 09 17:08:13 ubuntu kernel[438]: WARNING: Sample log entry for kernel
Jul 09 17:08:13 ubuntu docker[870]: WARNING: Sample log entry for docker
Jul 09 17:08:13 ubuntu kernel[664]: INFO: Sample log entry for kernel
Jul 09 17:08:13 ubuntu sshd[249]: WARNING: Sample log entry for sshd
Jul 09 17:08:13 ubuntu kernel[868]: INFO: Sample log entry for kernel
Jul 09 17:08:13 ubuntu systemd[894]: WARNING: Sample log entry for systemd
Jul 09 17:08:13 ubuntu systemd[787]: CRITICAL: Sample log entry for systemd
Jul 09 17:08:13 ubuntu docker[740]: CRITICAL: Sample log entry for docker
Jul 09 17:08:13 ubuntu cron[684]: CRITICAL: Sample log entry for cron
Jul 09 17:08:13 ubuntu cron[927]: ERROR: Sample log entry for cron
Jul 09 17:08:13 ubuntu kernel[128]: WARNING: Sample log entry for kernel
